<?xml version="1.0" encoding="UTF-8"?>
<!-- Generated by org.testng.reporters.JUnitXMLReporter -->
<testsuite hostname="ADMINRG-B9V8QPJ" name="Test" tests="4" failures="0" timestamp="29 Jul 2017 17:19:04 GMT" time="88.593" errors="0">
  <testcase name="verifyTestcase" time="0.05" classname="Testcases.VerifyHomePage"/>
  <testcase name="verifyTestcase" time="9.648" classname="Testcases.VerifyLogInPagewithReport"/>
  <testcase name="verifyTestcase" time="8.268" classname="Testcases.VerifyLogInPage"/>
  <testcase name="verifyTestcase" time="8.928" classname="Testcases.VerifyLogInPagewithReportandScreenshot"/>
</testsuite> <!-- Test -->
